[2018-09-02 17:42:45,777][MainThread:9960][default:DEBUG(145)]
[日志:<module>]:debug message
[2018-09-02 17:42:45,777][MainThread:9960][default:INFO(146)]
[日志:<module>]:info message
[2018-09-02 17:42:45,778][MainThread:9960][default:WARNING(147)]
[日志:<module>]:warn message
[2018-09-02 17:42:45,778][MainThread:9960][default:ERROR(148)]
[日志:<module>]:error message
[2018-09-02 17:42:45,778][MainThread:9960][default:CRITICAL(149)]
[日志:<module>]:critical message
[2018-09-02 17:52:04,783][MainThread:6044][default:DEBUG(145)]
[日志:<module>]:debug message
[2018-09-02 17:52:04,783][MainThread:6044][default:INFO(146)]
[日志:<module>]:info message
[2018-09-02 17:52:04,783][MainThread:6044][default:WARNING(147)]
[日志:<module>]:warn message
[2018-09-02 17:52:04,783][MainThread:6044][default:ERROR(148)]
[日志:<module>]:error message
[2018-09-02 17:52:04,783][MainThread:6044][default:CRITICAL(149)]
[日志:<module>]:critical message
[2018-09-02 17:53:16,571][MainThread:6944][default:DEBUG(145)]
[日志:<module>]:debug message
[2018-09-02 17:53:16,572][MainThread:6944][default:INFO(146)]
[日志:<module>]:info message
[2018-09-02 17:53:16,572][MainThread:6944][default:WARNING(147)]
[日志:<module>]:warn message
[2018-09-02 17:53:16,572][MainThread:6944][default:ERROR(148)]
[日志:<module>]:error message
[2018-09-02 17:53:16,572][MainThread:6944][default:CRITICAL(149)]
[日志:<module>]:critical message
